[21:09:19] [INIT] KubeJS 1902.6.1-build.311; MC 1902 forge
[21:09:19] [INIT] Loaded plugins:
[21:09:19] [INIT] - dev.latvian.mods.kubejs.forge.BuiltinKubeJSForgePlugin
[21:09:19] [INIT] - dev.latvian.kubejs.mekanism.MekanismKubeJSPlugin
[21:09:19] [INIT] - fr.frinn.custommachinery.common.integration.kubejs.CustomMachineryKubeJSPlugin
[21:09:19] [INIT] - dev.latvian.mods.kubejs.thermal.KubeJSThermalPlugin
[21:09:19] [INIT] - dev.ftb.mods.ftbquests.integration.kubejs.KubeJSIntegration
[21:09:19] [INIT] - thelm.jaopca.compat.kubejs.JAOPCAKubeJSPlugin
[21:09:19] [INIT] - dev.latvian.mods.kubejs.create.KubeJSCreatePlugin
[21:09:20] [INFO] server_scripts:added_recipes.js:3: Just Monika.
[21:09:20] [INFO] Loaded script server_scripts:added_recipes.js in 0.068 s
[21:09:20] [INFO] Loaded script server_scripts:tags.js in 0.001 s
[21:09:20] [INFO] Loaded script server_scripts:extra_integration.js in 0.001 s
[21:09:20] [INFO] Loaded script server_scripts:removed_recipes.js in 0.016 s
[21:09:20] [INFO] Loaded script server_scripts:scripts.js in 0.002 s
[21:09:20] [INFO] Loaded script server_scripts:sequenced_assemblies.js in 0.014 s
[21:09:20] [INFO] Loaded 6/6 KubeJS server scripts in 0.133 s
[21:09:20] [INFO] Scripts loaded
[21:09:20] [INFO] Initializing recipe event...
[21:09:23] [INFO] [minecraft:fluid] Found 54 tags, added 1 objects, removed 8 objects
[21:09:23] [INFO] [minecraft:item] Found 1210 tags, added 3 objects, removed 1 objects
[21:09:25] [INFO] Processing recipes...
[21:09:25] [WARN] Failed to parse recipe 'thermal:compat/create/pulverizer_create_veridium[thermal:pulverizer]'! Falling back to vanilla: java.lang.NullPointerException: Cannot invoke "com.google.gson.JsonElement.getAsString()" because the return value of "com.google.gson.JsonObject.get(String)" is null
[21:09:25] [WARN] Failed to parse recipe 'thermal:compat/create/pulverizer_create_veridium_recycle[thermal:pulverizer_recycle]'! Falling back to vanilla: java.lang.NullPointerException: Cannot invoke "com.google.gson.JsonElement.getAsString()" because the return value of "com.google.gson.JsonObject.get(String)" is null
[21:09:26] [WARN] Failed to parse recipe 'thermal:compat/create/pulverizer_create_ochrum_recycle[thermal:pulverizer_recycle]'! Falling back to vanilla: java.lang.NullPointerException: Cannot invoke "com.google.gson.JsonElement.getAsString()" because the return value of "com.google.gson.JsonObject.get(String)" is null
[21:09:26] [WARN] Failed to parse recipe 'thermal:compat/create/pulverizer_create_crimsite_recycle[thermal:pulverizer_recycle]'! Falling back to vanilla: java.lang.NullPointerException: Cannot invoke "com.google.gson.JsonElement.getAsString()" because the return value of "com.google.gson.JsonObject.get(String)" is null
[21:09:26] [WARN] Failed to parse recipe 'thermal:compat/create/pulverizer_create_asurine[thermal:pulverizer]'! Falling back to vanilla: java.lang.NullPointerException: Cannot invoke "com.google.gson.JsonElement.getAsString()" because the return value of "com.google.gson.JsonObject.get(String)" is null
[21:09:26] [WARN] Failed to parse recipe 'thermal:compat/create/pulverizer_create_zinc_ore[thermal:pulverizer]'! Falling back to vanilla: java.lang.NullPointerException: Cannot invoke "com.google.gson.JsonElement.getAsString()" because the return value of "com.google.gson.JsonObject.get(String)" is null
[21:09:26] [WARN] Failed to parse recipe 'thermal:compat/create/pulverizer_create_ochrum[thermal:pulverizer]'! Falling back to vanilla: java.lang.NullPointerException: Cannot invoke "com.google.gson.JsonElement.getAsString()" because the return value of "com.google.gson.JsonObject.get(String)" is null
[21:09:26] [WARN] Failed to parse recipe 'thermal:compat/create/pulverizer_create_crimsite[thermal:pulverizer]'! Falling back to vanilla: java.lang.NullPointerException: Cannot invoke "com.google.gson.JsonElement.getAsString()" because the return value of "com.google.gson.JsonObject.get(String)" is null
[21:09:26] [WARN] Failed to parse recipe 'create:mixing/mud_by_mixing[create:mixing]'! Falling back to vanilla: com.google.gson.JsonSyntaxException: Invalid fluid ingredient: {"type":"create:block_tag_ingredient","tag":"minecraft:convertable_to_mud"}
[21:09:26] [WARN] Failed to parse recipe 'thermal:compat/create/pulverizer_create_asurine_recycle[thermal:pulverizer_recycle]'! Falling back to vanilla: java.lang.NullPointerException: Cannot invoke "com.google.gson.JsonElement.getAsString()" because the return value of "com.google.gson.JsonObject.get(String)" is null
[21:09:26] [INFO] Found 8334 recipes in 419.2 ms
[21:09:26] [INFO] Posted recipe events in 771.4 ms
[21:09:27] [WARN] Duplicate recipe for id create:kjs_1cq383lfhik0zxyr9nl9iod8t! Using last one encountered.
[21:09:27] [WARN] You might want to check your scripts for errors.
[21:09:27] [INFO] Added 217 recipes, removed 327 recipes, modified 1 recipes, with 0 failed recipes in 255.4 ms
[21:09:28] [INFO] Collecting Custom Machine upgrades from JS scripts.
